<?xml version="1.0" encoding="UTF-8"?>
<!-- Generated by org.testng.reporters.JUnitXMLReporter -->
<testsuite ignored="0" hostname="manu" failures="1" tests="1" name="Test" time="1.473" errors="0" timestamp="2021-05-22T07:46:17 EDT">
  <testcase classname="org.restassuredpoc.base.BookingTest" name="tsetAuth" time="0.015">
    <failure type="java.lang.Error" message="Unresolved compilation problems: 
	Syntax error, insert &amp;quot;VariableDeclarators&amp;quot; to complete LocalVariableDeclaration
	Syntax error, insert &amp;quot;;&amp;quot; to complete LocalVariableDeclarationStatement
	Assert cannot be resolved
">
      <![CDATA[java.lang.Error: Unresolved compilation problems: 
Syntax error, insert "VariableDeclarators" to complete LocalVariableDeclaration
Syntax error, insert ";" to complete LocalVariableDeclarationStatement
Assert cannot be resolved

at org.restassuredpoc.base.BookingTest.tsetAuth(BookingTest.java:28)
at java.base/java.util.ArrayList.forEach(ArrayList.java:1541)
... Removed 27 stack frames]]>
    </failure>
  </testcase> <!-- tsetAuth -->
</testsuite> <!-- Test -->
